build/app/intermediates/manifest_merge_blame_file/debug/manifest-merger-blame-debug-report.txt
1<?xml version="1.0" encoding="utf-8"?>
2<manifest xmlns:android="http://schemas.android.com/apk/res/android"
3    package="com.example.tractian"
4    android:versionCode="1"
5    android:versionName="1.0" >
6
7    <uses-sdk
8        android:minSdkVersion="21"
9        android:targetSdkVersion="34" />
10    <!--
11         The INTERNET permission is required for development. Specifically,
12         the Flutter tool needs it to communicate with the running application
13         to allow setting breakpoints, to provide hot reload, etc.
14    -->
15    <uses-permission android:name="android.permission.INTERNET" />
15-->src/debug/AndroidManifest.xml:6:5-66
15-->src/debug/AndroidManifest.xml:6:22-64
16    <!--
17     Required to query activities that can process text, see:
18         https://developer.android.com/training/package-visibility and
19         https://developer.android.com/reference/android/content/Intent#ACTION_PROCESS_TEXT.
20
21         In particular, this is used by the Flutter engine in io.flutter.plugin.text.ProcessTextPlugin.
22    -->
23    <queries>
23-->src/main/AndroidManifest.xml:39:5-44:15
24        <intent>
24-->src/main/AndroidManifest.xml:40:9-43:18
25            <action android:name="android.intent.action.PROCESS_TEXT" />
25-->src/main/AndroidManifest.xml:41:13-72
25-->src/main/AndroidManifest.xml:41:21-70
26
27            <data android:mimeType="text/plain" />
27-->src/main/AndroidManifest.xml:42:13-50
27-->src/main/AndroidManifest.xml:42:19-48
28        </intent>
29    </queries>
30
31    <permission
31-->[androidx.core:core:1.13.1] AndroidManifest.xml:22:5-24:47
32        android:name="com.example.tractian.DYNAMIC_RECEIVER_NOT_EXPORTED_PERMISSION"
32-->[androidx.core:core:1.13.1] AndroidManifest.xml:23:9-81
33        android:protectionLevel="signature" />
33-->[androidx.core:core:1.13.1] AndroidManifest.xml:24:9-44
34
35    <uses-permission android:name="com.example.tractian.DYNAMIC_RECEIVER_NOT_EXPORTED_PERMISSION" />
35-->[androidx.core:core:1.13.1] AndroidManifest.xml:26:5-97
35-->[androidx.core:core:1.13.1] AndroidManifest.xml:26:22-94
36
37    <application
38        android:name="android.app.Application"
39        android:appComponentFactory="androidx.core.app.CoreComponentFactory"
39-->[androidx.core:core:1.13.1] AndroidManifest.xml:28:18-86
40        android:debuggable="true"
41        android:icon="@mipmap/ic_launcher"
42        android:label="tractian" >
43        <activity
44            android:name="com.example.tractian.MainActivity"
45            android:configChanges="orientation|keyboardHidden|keyboard|screenSize|smallestScreenSize|locale|layoutDirection|fontScale|screenLayout|density|uiMode"
46            android:exported="true"
47            android:hardwareAccelerated="true"
48            android:launchMode="singleTop"
49            android:taskAffinity=""
50            android:theme="@style/LaunchTheme"
51            android:windowSoftInputMode="adjustResize" >
52
53            <!--
54                 Specifies an Android theme to apply to this Activity as soon as
55                 the Android process has started. This theme is visible to the user
56                 while the Flutter UI initializes. After that, this theme continues
57                 to determine the Window background behind the Flutter UI.
58            -->
59            <meta-data
60                android:name="io.flutter.embedding.android.NormalTheme"
61                android:resource="@style/NormalTheme" />
62
63            <intent-filter>
64                <action android:name="android.intent.action.MAIN" />
65
66                <category android:name="android.intent.category.LAUNCHER" />
67            </intent-filter>
68        </activity>
69        <!--
70             Don't delete the meta-data below.
71             This is used by the Flutter tool to generate GeneratedPluginRegistrant.java
72        -->
73        <meta-data
74            android:name="flutterEmbedding"
75            android:value="2" />
76
77        <provider
77-->[:share] AndroidManifest.xml:10:9-18:20
78            android:name="io.flutter.plugins.share.ShareFileProvider"
78-->[:share] AndroidManifest.xml:11:13-70
79            android:authorities="com.example.tractian.flutter.share_provider"
79-->[:share] AndroidManifest.xml:12:13-74
80            android:exported="false"
80-->[:share] AndroidManifest.xml:13:13-37
81            android:grantUriPermissions="true" >
81-->[:share] AndroidManifest.xml:14:13-47
82            <meta-data
82-->[:share] AndroidManifest.xml:15:13-17:68
83                android:name="android.support.FILE_PROVIDER_PATHS"
83-->[:share] AndroidManifest.xml:16:17-67
84                android:resource="@xml/flutter_share_file_paths" />
84-->[:share] AndroidManifest.xml:17:17-65
85        </provider>
86
87        <uses-library
87-->[androidx.window:window:1.2.0] AndroidManifest.xml:23:9-25:40
88            android:name="androidx.window.extensions"
88-->[androidx.window:window:1.2.0] AndroidManifest.xml:24:13-54
89            android:required="false" />
89-->[androidx.window:window:1.2.0] AndroidManifest.xml:25:13-37
90        <uses-library
90-->[androidx.window:window:1.2.0] AndroidManifest.xml:26:9-28:40
91            android:name="androidx.window.sidecar"
91-->[androidx.window:window:1.2.0] AndroidManifest.xml:27:13-51
92            android:required="false" />
92-->[androidx.window:window:1.2.0] AndroidManifest.xml:28:13-37
93
94        <provider
94-->[androidx.lifecycle:lifecycle-process:2.7.0] AndroidManifest.xml:24:9-32:20
95            android:name="androidx.startup.InitializationProvider"
95-->[androidx.lifecycle:lifecycle-process:2.7.0] AndroidManifest.xml:25:13-67
96            android:authorities="com.example.tractian.androidx-startup"
96-->[androidx.lifecycle:lifecycle-process:2.7.0] AndroidManifest.xml:26:13-68
97            android:exported="false" >
97-->[androidx.lifecycle:lifecycle-process:2.7.0] AndroidManifest.xml:27:13-37
98            <meta-data
98-->[androidx.lifecycle:lifecycle-process:2.7.0] AndroidManifest.xml:29:13-31:52
99                android:name="androidx.lifecycle.ProcessLifecycleInitializer"
99-->[androidx.lifecycle:lifecycle-process:2.7.0] AndroidManifest.xml:30:17-78
100                android:value="androidx.startup" />
100-->[androidx.lifecycle:lifecycle-process:2.7.0] AndroidManifest.xml:31:17-49
101            <meta-data
101-->[androidx.profileinstaller:profileinstaller:1.3.1] AndroidManifest.xml:29:13-31:52
102                android:name="androidx.profileinstaller.ProfileInstallerInitializer"
102-->[androidx.profileinstaller:profileinstaller:1.3.1] AndroidManifest.xml:30:17-85
103                android:value="androidx.startup" />
103-->[androidx.profileinstaller:profileinstaller:1.3.1] AndroidManifest.xml:31:17-49
104        </provider>
105
106        <receiver
106-->[androidx.profileinstaller:profileinstaller:1.3.1] AndroidManifest.xml:34:9-52:20
107            android:name="androidx.profileinstaller.ProfileInstallReceiver"
107-->[androidx.profileinstaller:profileinstaller:1.3.1] AndroidManifest.xml:35:13-76
108            android:directBootAware="false"
108-->[androidx.profileinstaller:profileinstaller:1.3.1] AndroidManifest.xml:36:13-44
109            android:enabled="true"
109-->[androidx.profileinstaller:profileinstaller:1.3.1] AndroidManifest.xml:37:13-35
110            android:exported="true"
110-->[androidx.profileinstaller:profileinstaller:1.3.1] AndroidManifest.xml:38:13-36
111            android:permission="android.permission.DUMP" >
111-->[androidx.profileinstaller:profileinstaller:1.3.1] AndroidManifest.xml:39:13-57
112            <intent-filter>
112-->[androidx.profileinstaller:profileinstaller:1.3.1] AndroidManifest.xml:40:13-42:29
113                <action android:name="androidx.profileinstaller.action.INSTALL_PROFILE" />
113-->[androidx.profileinstaller:profileinstaller:1.3.1] AndroidManifest.xml:41:17-91
113-->[androidx.profileinstaller:profileinstaller:1.3.1] AndroidManifest.xml:41:25-88
114            </intent-filter>
115            <intent-filter>
115-->[androidx.profileinstaller:profileinstaller:1.3.1] AndroidManifest.xml:43:13-45:29
116                <action android:name="androidx.profileinstaller.action.SKIP_FILE" />
116-->[androidx.profileinstaller:profileinstaller:1.3.1] AndroidManifest.xml:44:17-85
116-->[androidx.profileinstaller:profileinstaller:1.3.1] AndroidManifest.xml:44:25-82
117            </intent-filter>
118            <intent-filter>
118-->[androidx.profileinstaller:profileinstaller:1.3.1] AndroidManifest.xml:46:13-48:29
119                <action android:name="androidx.profileinstaller.action.SAVE_PROFILE" />
119-->[androidx.profileinstaller:profileinstaller:1.3.1] AndroidManifest.xml:47:17-88
119-->[androidx.profileinstaller:profileinstaller:1.3.1] AndroidManifest.xml:47:25-85
120            </intent-filter>
121            <intent-filter>
121-->[androidx.profileinstaller:profileinstaller:1.3.1] AndroidManifest.xml:49:13-51:29
122                <action android:name="androidx.profileinstaller.action.BENCHMARK_OPERATION" />
122-->[androidx.profileinstaller:profileinstaller:1.3.1] AndroidManifest.xml:50:17-95
122-->[androidx.profileinstaller:profileinstaller:1.3.1] AndroidManifest.xml:50:25-92
123            </intent-filter>
124        </receiver>
125    </application>
126
127</manifest>